Build started 2014/1/7 下午 09:16:49.
     1>Project "C:\Users\ftm\documents\visual studio 2010\Projects\UML_KEditor\UML_KEditor\UML_KEditor.vcxproj" on node 2 (build target(s)).
     1>InitializeBuildStatus:
         Creating "Debug\UML_KEditor.unsuccessfulbuild" because "AlwaysCreate" was specified.
       CustomBuild:
         All outputs are up-to-date.
       ClCompile:
         C:\Program Files (x86)\Microsoft Visual Studio 10.0\VC\bin\CL.exe /c /I.\GeneratedFiles /I. /IC:\Qt\4.8.5\include /I.\GeneratedFiles\Debug /IC:\Qt\4.8.5\include\QtCore /IC:\Qt\4.8.5\include\QtGui /Zi /nologo /W1 /WX- /Od /Oy- /D UNICODE /D WIN32 /D QT_DLL /D QT_CORE_LIB /D QT_GUI_LIB /Gm- /EHsc /MDd /GS /fp:precise /Zc:wchar_t- /Zc:forScope /Fo"Debug\\" /Fd"Debug\vc100.pdb" /Gd /TP /analyze- /errorReport:prompt Scene.cpp
         Scene.cpp
         All outputs are up-to-date.
       Link:
         C:\Program Files (x86)\Microsoft Visual Studio 10.0\VC\bin\link.exe /ERRORREPORT:PROMPT /OUT:"C:\Users\ftm\documents\visual studio 2010\Projects\UML_KEditor\Win32\Debug\\UML_KEditor.exe" /NOLOGO /LIBPATH:C:\Qt\4.8.5\lib qtmaind.lib QtCored4.lib QtGuid4.lib kernel32.lib user32.lib gdi32.lib winspool.lib comdlg32.lib advapi32.lib shell32.lib ole32.lib oleaut32.lib uuid.lib odbc32.lib odbccp32.lib /MANIFEST /ManifestFile:"Debug\UML_KEditor.exe.intermediate.manifest" /MANIFESTUAC:"level='asInvoker' uiAccess='false'" /DEBUG /PDB:"C:\Users\ftm\documents\visual studio 2010\Projects\UML_KEditor\Win32\Debug\UML_KEditor.pdb" /SUBSYSTEM:WINDOWS /TLBID:1 /DYNAMICBASE /NXCOMPAT /IMPLIB:"C:\Users\ftm\documents\visual studio 2010\Projects\UML_KEditor\Win32\Debug\UML_KEditor.lib" /MACHINE:X86 Debug\AsscoiationLine.obj
         Debug\Class.obj
         Debug\CompositionLine.obj
         Debug\CreateMode.obj
         Debug\moc_uml_keditor.obj
         Debug\qrc_uml_keditor.obj
         Debug\GenerationLine.obj
         Debug\Group.obj
         Debug\Item.obj
         Debug\ItemPort.obj
         Debug\Line.obj
         Debug\LineMode.obj
         Debug\main.obj
         Debug\Mode.obj
         Debug\Scene.obj
         Debug\SelectMode.obj
         Debug\uml_keditor.obj
         Debug\UseCase.obj
         LINK : C:\Users\ftm\documents\visual studio 2010\Projects\UML_KEditor\Win32\Debug\\UML_KEditor.exe not found or not built by the last incremental link; performing full link
         UML_KEditor.vcxproj -> C:\Users\ftm\documents\visual studio 2010\Projects\UML_KEditor\Win32\Debug\UML_KEditor.exe
       Manifest:
         C:\Program Files (x86)\Microsoft SDKs\Windows\v7.0A\bin\mt.exe /nologo /verbose /outputresource:"C:\Users\ftm\documents\visual studio 2010\Projects\UML_KEditor\Win32\Debug\\UML_KEditor.exe;#1" /manifest Debug\UML_KEditor.exe.intermediate.manifest
       FinalizeBuildStatus:
         Deleting file "Debug\UML_KEditor.unsuccessfulbuild".
         Touching "Debug\UML_KEditor.lastbuildstate".
     1>Done Building Project "C:\Users\ftm\documents\visual studio 2010\Projects\UML_KEditor\UML_KEditor\UML_KEditor.vcxproj" (build target(s)).

Build succeeded.

Time Elapsed 00:00:03.22
